<testsuites id="" name="" tests="1" failures="1" skipped="0" errors="0" time="22.825988000000002">
<testsuite name="tailwind-enhancements.spec.ts" timestamp="2025-09-16T01:11:01.177Z" hostname="chromium" tests="1" failures="1" skipped="0" time="21.965" errors="0">
<testcase name="Tailwind CSS Enhancements › Smooth Scrolling › should show scroll-to-top button when scrolled" classname="tailwind-enhancements.spec.ts" time="21.965">
<failure message="tailwind-enhancements.spec.ts:97:9 should show scroll-to-top button when scrolled" type="FAILURE">
<![CDATA[  [chromium] › tailwind-enhancements.spec.ts:97:9 › Tailwind CSS Enhancements › Smooth Scrolling › should show scroll-to-top button when scrolled 

    Error: expect(locator).toBeVisible() failed

    Locator:  locator('button[aria-label="Scroll to top"]')
    Expected: visible
    Received: <element(s) not found>
    Timeout:  10000ms

    Call log:
      - Expect "toBeVisible" with timeout 10000ms
      - waiting for locator('button[aria-label="Scroll to top"]')


      107 |
      108 |       // Button should appear
    > 109 |       await expect(scrollButton).toBeVisible();
          |                                  ^
      110 |
      111 |       // Click button
      112 |       await scrollButton.click();
        at /Users/richard/Developer/business-website/e2e/tailwind-enhancements.spec.ts:109:34

    attachment #1: screenshot (image/png) ──────────────────────────────────────────────────────────
    ../test-results/tailwind-enhancements-Tail-221cc-to-top-button-when-scrolled-chromium/test-failed-1.png
    ────────────────────────────────────────────────────────────────────────────────────────────────

    Error Context: ../test-results/tailwind-enhancements-Tail-221cc-to-top-button-when-scrolled-chromium/error-context.md

    Retry #1 ───────────────────────────────────────────────────────────────────────────────────────

    Error: expect(locator).toBeVisible() failed

    Locator:  locator('button[aria-label="Scroll to top"]')
    Expected: visible
    Received: <element(s) not found>
    Timeout:  10000ms

    Call log:
      - Expect "toBeVisible" with timeout 10000ms
      - waiting for locator('button[aria-label="Scroll to top"]')


      107 |
      108 |       // Button should appear
    > 109 |       await expect(scrollButton).toBeVisible();
          |                                  ^
      110 |
      111 |       // Click button
      112 |       await scrollButton.click();
        at /Users/richard/Developer/business-website/e2e/tailwind-enhancements.spec.ts:109:34

    attachment #1: screenshot (image/png) ──────────────────────────────────────────────────────────
    ../test-results/tailwind-enhancements-Tail-221cc-to-top-button-when-scrolled-chromium-retry1/test-failed-1.png
    ────────────────────────────────────────────────────────────────────────────────────────────────

    Error Context: ../test-results/tailwind-enhancements-Tail-221cc-to-top-button-when-scrolled-chromium-retry1/error-context.md

    attachment #3: trace (application/zip) ─────────────────────────────────────────────────────────
    ../test-results/tailwind-enhancements-Tail-221cc-to-top-button-when-scrolled-chromium-retry1/trace.zip
    Usage:

        npx playwright show-trace ../test-results/tailwind-enhancements-Tail-221cc-to-top-button-when-scrolled-chromium-retry1/trace.zip

    ────────────────────────────────────────────────────────────────────────────────────────────────
]]>
</failure>
<system-out>
<![CDATA[
[[ATTACHMENT|../test-results/tailwind-enhancements-Tail-221cc-to-top-button-when-scrolled-chromium/test-failed-1.png]]

[[ATTACHMENT|../test-results/tailwind-enhancements-Tail-221cc-to-top-button-when-scrolled-chromium/error-context.md]]

[[ATTACHMENT|../test-results/tailwind-enhancements-Tail-221cc-to-top-button-when-scrolled-chromium-retry1/test-failed-1.png]]

[[ATTACHMENT|../test-results/tailwind-enhancements-Tail-221cc-to-top-button-when-scrolled-chromium-retry1/error-context.md]]

[[ATTACHMENT|../test-results/tailwind-enhancements-Tail-221cc-to-top-button-when-scrolled-chromium-retry1/trace.zip]]
]]>
</system-out>
</testcase>
</testsuite>
</testsuites>