<testsuites id="" name="" tests="3" failures="2" skipped="0" errors="0" time="28.930983">
<testsuite name="hero-text-visibility.spec.ts" timestamp="2025-09-15T22:36:45.759Z" hostname="chromium" tests="3" failures="2" skipped="0" time="26.718" errors="0">
<testcase name="Hero Text Visibility â€º should display all hero text elements correctly" classname="hero-text-visibility.spec.ts" time="22.849">
<failure message="hero-text-visibility.spec.ts:5:7 should display all hero text elements correctly" type="FAILURE">
<![CDATA[  [chromium] â€º hero-text-visibility.spec.ts:5:7 â€º Hero Text Visibility â€º should display all hero text elements correctly 

    Error: expect(locator).toBeVisible() failed

    Locator:  locator('h1').first()
    Expected: visible
    Received: <element(s) not found>
    Timeout:  10000ms

    Call log:
      - Expect "toBeVisible" with timeout 10000ms
      - waiting for locator('h1').first()


      15 |     // Check main heading is visible
      16 |     const mainHeading = page.locator('h1').first();
    > 17 |     await expect(mainHeading).toBeVisible();
         |                               ^
      18 |
      19 |     // Check for text content
      20 |     const headingText = await mainHeading.textContent();
        at /Users/richard/Developer/business-website/e2e/hero-text-visibility.spec.ts:17:31

    attachment #1: screenshot (image/png) â”€â”€â”€â”€â”€â”€â”€â”€â”€â”€â”€â”€â”€â”€â”€â”€â”€â”€â”€â”€â”€â”€â”€â”€â”€â”€â”€â”€â”€â”€â”€â”€â”€â”€â”€â”€â”€â”€â”€â”€â”€â”€â”€â”€â”€â”€â”€â”€â”€â”€â”€â”€â”€â”€â”€â”€â”€â”€
    ../test-results/hero-text-visibility-Hero--704b3-ero-text-elements-correctly-chromium/test-failed-1.png
    â”€â”€â”€â”€â”€â”€â”€â”€â”€â”€â”€â”€â”€â”€â”€â”€â”€â”€â”€â”€â”€â”€â”€â”€â”€â”€â”€â”€â”€â”€â”€â”€â”€â”€â”€â”€â”€â”€â”€â”€â”€â”€â”€â”€â”€â”€â”€â”€â”€â”€â”€â”€â”€â”€â”€â”€â”€â”€â”€â”€â”€â”€â”€â”€â”€â”€â”€â”€â”€â”€â”€â”€â”€â”€â”€â”€â”€â”€â”€â”€â”€â”€â”€â”€â”€â”€â”€â”€â”€â”€â”€â”€â”€â”€â”€â”€

    Error Context: ../test-results/hero-text-visibility-Hero--704b3-ero-text-elements-correctly-chromium/error-context.md

    Retry #1 â”€â”€â”€â”€â”€â”€â”€â”€â”€â”€â”€â”€â”€â”€â”€â”€â”€â”€â”€â”€â”€â”€â”€â”€â”€â”€â”€â”€â”€â”€â”€â”€â”€â”€â”€â”€â”€â”€â”€â”€â”€â”€â”€â”€â”€â”€â”€â”€â”€â”€â”€â”€â”€â”€â”€â”€â”€â”€â”€â”€â”€â”€â”€â”€â”€â”€â”€â”€â”€â”€â”€â”€â”€â”€â”€â”€â”€â”€â”€â”€â”€â”€â”€â”€â”€â”€â”€

    Error: expect(locator).toBeVisible() failed

    Locator:  locator('h1').first()
    Expected: visible
    Received: <element(s) not found>
    Timeout:  10000ms

    Call log:
      - Expect "toBeVisible" with timeout 10000ms
      - waiting for locator('h1').first()


      15 |     // Check main heading is visible
      16 |     const mainHeading = page.locator('h1').first();
    > 17 |     await expect(mainHeading).toBeVisible();
         |                               ^
      18 |
      19 |     // Check for text content
      20 |     const headingText = await mainHeading.textContent();
        at /Users/richard/Developer/business-website/e2e/hero-text-visibility.spec.ts:17:31

    attachment #1: screenshot (image/png) â”€â”€â”€â”€â”€â”€â”€â”€â”€â”€â”€â”€â”€â”€â”€â”€â”€â”€â”€â”€â”€â”€â”€â”€â”€â”€â”€â”€â”€â”€â”€â”€â”€â”€â”€â”€â”€â”€â”€â”€â”€â”€â”€â”€â”€â”€â”€â”€â”€â”€â”€â”€â”€â”€â”€â”€â”€â”€
    ../test-results/hero-text-visibility-Hero--704b3-ero-text-elements-correctly-chromium-retry1/test-failed-1.png
    â”€â”€â”€â”€â”€â”€â”€â”€â”€â”€â”€â”€â”€â”€â”€â”€â”€â”€â”€â”€â”€â”€â”€â”€â”€â”€â”€â”€â”€â”€â”€â”€â”€â”€â”€â”€â”€â”€â”€â”€â”€â”€â”€â”€â”€â”€â”€â”€â”€â”€â”€â”€â”€â”€â”€â”€â”€â”€â”€â”€â”€â”€â”€â”€â”€â”€â”€â”€â”€â”€â”€â”€â”€â”€â”€â”€â”€â”€â”€â”€â”€â”€â”€â”€â”€â”€â”€â”€â”€â”€â”€â”€â”€â”€â”€â”€

    Error Context: ../test-results/hero-text-visibility-Hero--704b3-ero-text-elements-correctly-chromium-retry1/error-context.md

    attachment #3: trace (application/zip) â”€â”€â”€â”€â”€â”€â”€â”€â”€â”€â”€â”€â”€â”€â”€â”€â”€â”€â”€â”€â”€â”€â”€â”€â”€â”€â”€â”€â”€â”€â”€â”€â”€â”€â”€â”€â”€â”€â”€â”€â”€â”€â”€â”€â”€â”€â”€â”€â”€â”€â”€â”€â”€â”€â”€â”€â”€
    ../test-results/hero-text-visibility-Hero--704b3-ero-text-elements-correctly-chromium-retry1/trace.zip
    Usage:

        npx playwright show-trace ../test-results/hero-text-visibility-Hero--704b3-ero-text-elements-correctly-chromium-retry1/trace.zip

    â”€â”€â”€â”€â”€â”€â”€â”€â”€â”€â”€â”€â”€â”€â”€â”€â”€â”€â”€â”€â”€â”€â”€â”€â”€â”€â”€â”€â”€â”€â”€â”€â”€â”€â”€â”€â”€â”€â”€â”€â”€â”€â”€â”€â”€â”€â”€â”€â”€â”€â”€â”€â”€â”€â”€â”€â”€â”€â”€â”€â”€â”€â”€â”€â”€â”€â”€â”€â”€â”€â”€â”€â”€â”€â”€â”€â”€â”€â”€â”€â”€â”€â”€â”€â”€â”€â”€â”€â”€â”€â”€â”€â”€â”€â”€â”€
]]>
</failure>
<system-out>
<![CDATA[[should display all hero text elements correctly] Step 1: Navigating to homepage
[should display all hero text elements correctly] Step 2: Waiting for page to load

[[ATTACHMENT|../test-results/hero-text-visibility-Hero--704b3-ero-text-elements-correctly-chromium/test-failed-1.png]]

[[ATTACHMENT|../test-results/hero-text-visibility-Hero--704b3-ero-text-elements-correctly-chromium/error-context.md]]
[should display all hero text elements correctly] Step 1: Navigating to homepage
[should display all hero text elements correctly] Step 2: Waiting for page to load

[[ATTACHMENT|../test-results/hero-text-visibility-Hero--704b3-ero-text-elements-correctly-chromium-retry1/test-failed-1.png]]

[[ATTACHMENT|../test-results/hero-text-visibility-Hero--704b3-ero-text-elements-correctly-chromium-retry1/error-context.md]]

[[ATTACHMENT|../test-results/hero-text-visibility-Hero--704b3-ero-text-elements-correctly-chromium-retry1/trace.zip]]
]]>
</system-out>
</testcase>
<testcase name="Hero Text Visibility â€º should have proper gradient classes applied" classname="hero-text-visibility.spec.ts" time="2.6">
<failure message="hero-text-visibility.spec.ts:76:7 should have proper gradient classes applied" type="FAILURE">
<![CDATA[  [chromium] â€º hero-text-visibility.spec.ts:76:7 â€º Hero Text Visibility â€º should have proper gradient classes applied 

    Error: expect(received).toBeGreaterThan(expected)

    Expected: > 0
    Received:   0

      88 |
      89 |     // Verify at least one gradient text exists
    > 90 |     expect(count).toBeGreaterThan(0);
         |                   ^
      91 |
      92 |     if (count > 0) {
      93 |       const firstGradient = gradientTextElements.first();
        at /Users/richard/Developer/business-website/e2e/hero-text-visibility.spec.ts:90:19

    attachment #1: screenshot (image/png) â”€â”€â”€â”€â”€â”€â”€â”€â”€â”€â”€â”€â”€â”€â”€â”€â”€â”€â”€â”€â”€â”€â”€â”€â”€â”€â”€â”€â”€â”€â”€â”€â”€â”€â”€â”€â”€â”€â”€â”€â”€â”€â”€â”€â”€â”€â”€â”€â”€â”€â”€â”€â”€â”€â”€â”€â”€â”€
    ../test-results/hero-text-visibility-Hero--d6ede-er-gradient-classes-applied-chromium/test-failed-1.png
    â”€â”€â”€â”€â”€â”€â”€â”€â”€â”€â”€â”€â”€â”€â”€â”€â”€â”€â”€â”€â”€â”€â”€â”€â”€â”€â”€â”€â”€â”€â”€â”€â”€â”€â”€â”€â”€â”€â”€â”€â”€â”€â”€â”€â”€â”€â”€â”€â”€â”€â”€â”€â”€â”€â”€â”€â”€â”€â”€â”€â”€â”€â”€â”€â”€â”€â”€â”€â”€â”€â”€â”€â”€â”€â”€â”€â”€â”€â”€â”€â”€â”€â”€â”€â”€â”€â”€â”€â”€â”€â”€â”€â”€â”€â”€â”€

    Error Context: ../test-results/hero-text-visibility-Hero--d6ede-er-gradient-classes-applied-chromium/error-context.md

    Retry #1 â”€â”€â”€â”€â”€â”€â”€â”€â”€â”€â”€â”€â”€â”€â”€â”€â”€â”€â”€â”€â”€â”€â”€â”€â”€â”€â”€â”€â”€â”€â”€â”€â”€â”€â”€â”€â”€â”€â”€â”€â”€â”€â”€â”€â”€â”€â”€â”€â”€â”€â”€â”€â”€â”€â”€â”€â”€â”€â”€â”€â”€â”€â”€â”€â”€â”€â”€â”€â”€â”€â”€â”€â”€â”€â”€â”€â”€â”€â”€â”€â”€â”€â”€â”€â”€â”€â”€

    Error: expect(received).toBeGreaterThan(expected)

    Expected: > 0
    Received:   0

      88 |
      89 |     // Verify at least one gradient text exists
    > 90 |     expect(count).toBeGreaterThan(0);
         |                   ^
      91 |
      92 |     if (count > 0) {
      93 |       const firstGradient = gradientTextElements.first();
        at /Users/richard/Developer/business-website/e2e/hero-text-visibility.spec.ts:90:19

    attachment #1: screenshot (image/png) â”€â”€â”€â”€â”€â”€â”€â”€â”€â”€â”€â”€â”€â”€â”€â”€â”€â”€â”€â”€â”€â”€â”€â”€â”€â”€â”€â”€â”€â”€â”€â”€â”€â”€â”€â”€â”€â”€â”€â”€â”€â”€â”€â”€â”€â”€â”€â”€â”€â”€â”€â”€â”€â”€â”€â”€â”€â”€
    ../test-results/hero-text-visibility-Hero--d6ede-er-gradient-classes-applied-chromium-retry1/test-failed-1.png
    â”€â”€â”€â”€â”€â”€â”€â”€â”€â”€â”€â”€â”€â”€â”€â”€â”€â”€â”€â”€â”€â”€â”€â”€â”€â”€â”€â”€â”€â”€â”€â”€â”€â”€â”€â”€â”€â”€â”€â”€â”€â”€â”€â”€â”€â”€â”€â”€â”€â”€â”€â”€â”€â”€â”€â”€â”€â”€â”€â”€â”€â”€â”€â”€â”€â”€â”€â”€â”€â”€â”€â”€â”€â”€â”€â”€â”€â”€â”€â”€â”€â”€â”€â”€â”€â”€â”€â”€â”€â”€â”€â”€â”€â”€â”€â”€

    Error Context: ../test-results/hero-text-visibility-Hero--d6ede-er-gradient-classes-applied-chromium-retry1/error-context.md

    attachment #3: trace (application/zip) â”€â”€â”€â”€â”€â”€â”€â”€â”€â”€â”€â”€â”€â”€â”€â”€â”€â”€â”€â”€â”€â”€â”€â”€â”€â”€â”€â”€â”€â”€â”€â”€â”€â”€â”€â”€â”€â”€â”€â”€â”€â”€â”€â”€â”€â”€â”€â”€â”€â”€â”€â”€â”€â”€â”€â”€â”€
    ../test-results/hero-text-visibility-Hero--d6ede-er-gradient-classes-applied-chromium-retry1/trace.zip
    Usage:

        npx playwright show-trace ../test-results/hero-text-visibility-Hero--d6ede-er-gradient-classes-applied-chromium-retry1/trace.zip

    â”€â”€â”€â”€â”€â”€â”€â”€â”€â”€â”€â”€â”€â”€â”€â”€â”€â”€â”€â”€â”€â”€â”€â”€â”€â”€â”€â”€â”€â”€â”€â”€â”€â”€â”€â”€â”€â”€â”€â”€â”€â”€â”€â”€â”€â”€â”€â”€â”€â”€â”€â”€â”€â”€â”€â”€â”€â”€â”€â”€â”€â”€â”€â”€â”€â”€â”€â”€â”€â”€â”€â”€â”€â”€â”€â”€â”€â”€â”€â”€â”€â”€â”€â”€â”€â”€â”€â”€â”€â”€â”€â”€â”€â”€â”€â”€
]]>
</failure>
<system-out>
<![CDATA[[should have proper gradient classes applied] Step 1: Navigating to homepage
[should have proper gradient classes applied] Step 2: Waiting for page to load
[should have proper gradient classes applied] âš ï¸ Found 0 elements with gradient-text class (expected: 1) - FAIL

[[ATTACHMENT|../test-results/hero-text-visibility-Hero--d6ede-er-gradient-classes-applied-chromium/test-failed-1.png]]

[[ATTACHMENT|../test-results/hero-text-visibility-Hero--d6ede-er-gradient-classes-applied-chromium/error-context.md]]
[should have proper gradient classes applied] Step 1: Navigating to homepage
[should have proper gradient classes applied] Step 2: Waiting for page to load
[should have proper gradient classes applied] âš ï¸ Found 0 elements with gradient-text class (expected: 1) - FAIL

[[ATTACHMENT|../test-results/hero-text-visibility-Hero--d6ede-er-gradient-classes-applied-chromium-retry1/test-failed-1.png]]

[[ATTACHMENT|../test-results/hero-text-visibility-Hero--d6ede-er-gradient-classes-applied-chromium-retry1/error-context.md]]

[[ATTACHMENT|../test-results/hero-text-visibility-Hero--d6ede-er-gradient-classes-applied-chromium-retry1/trace.zip]]
]]>
</system-out>
</testcase>
<testcase name="Hero Text Visibility â€º should not have any invisible text due to CSS issues" classname="hero-text-visibility.spec.ts" time="1.269">
<system-out>
<![CDATA[[should not have any invisible text due to CSS issues] Step 1: Navigating to homepage
[should not have any invisible text due to CSS issues] Step 2: Waiting for page to load
[should not have any invisible text due to CSS issues] ðŸ” invisible text analysis elements found: []
[should not have any invisible text due to CSS issues] âœ… Test completed: CSS visibility verification completed
]]>
</system-out>
</testcase>
</testsuite>
</testsuites>